#
# There is insufficient memory for the Java Runtime Environment to continue.
# Native memory allocation (mmap) failed to map 134217728 bytes for Failed to commit area from 0x0000000081200000 to 0x0000000089200000 of length 134217728.
# Possible reasons:
#   The system is out of physical RAM or swap space
#   The process is running with CompressedOops enabled, and the Java Heap may be blocking the growth of the native heap
# Possible solutions:
#   Reduce memory load on the system
#   Increase physical memory or swap space
#   Check if swap backing store is full
#   Decrease Java heap size (-Xmx/-Xms)
#   Decrease number of Java threads
#   Decrease Java thread stack sizes (-Xss)
#   Set larger code cache with -XX:ReservedCodeCacheSize=
# This output file may be truncated or incomplete.
#
#  Out of Memory Error (./src/hotspot/os/windows/os_windows.cpp:3311), pid=15460, tid=9432
#
# JRE version:  (11.0.13+8) (build )
# Java VM: OpenJDK 64-Bit Server VM (11.0.13+8, mixed mode, sharing, tiered, compressed oops, g1 gc, windows-amd64)
# No core dump will be written. Minidumps are not enabled by default on client versions of Windows
#

---------------  S U M M A R Y ------------

Command Line: org.jetbrains.kotlin.cli.jvm.K2JVMCompiler @C:\My_projects\frontend\react-native\testtask\node_modules\react-native-safe-area-context\android\build\20220317_3565154055422077356.compiler.options

Host: Intel(R) Core(TM) i5-9300HF CPU @ 2.40GHz, 8 cores, 7G,  Windows 10 , 64 bit Build 19041 (10.0.19041.662)
Time: Thu Mar 17 22:46:53 2022 Финляндия (зима) elapsed time: 0.027609 seconds (0d 0h 0m 0s)

---------------  T H R E A D  ---------------

Current thread (0x0000025382fc1800):  JavaThread "Unknown thread" [_thread_in_vm, id=9432, stack(0x000000dab1a00000,0x000000dab1b00000)]

Stack: [0x000000dab1a00000,0x000000dab1b00000]
Native frames: (J=compiled Java code, j=interpreted, Vv=VM code, C=native code)
V  [jvm.dll+0x64b92a]
V  [jvm.dll+0x78e4e9]
V  [jvm.dll+0x78fbcc]
V  [jvm.dll+0x790293]
V  [jvm.dll+0x265118]
V  [jvm.dll+0x6489fa]
V  [jvm.dll+0x63cfe5]
V  [jvm.dll+0x32010c]
V  [jvm.dll+0x31ff92]
V  [jvm.dll+0x325896]
V  [jvm.dll+0x3733af]
V  [jvm.dll+0x372dd0]
V  [jvm.dll+0x2fb808]
V  [jvm.dll+0x2fc976]
V  [jvm.dll+0x767b17]
V  [jvm.dll+0x7692df]
V  [jvm.dll+0x380269]
V  [jvm.dll+0x74a04e]
V  [jvm.dll+0x3f2fbd]
V  [jvm.dll+0x3f51e1]
C  [jli.dll+0x51c7]
C  [ucrtbase.dll+0x214c2]
C  [KERNEL32.DLL+0x17034]
C  [ntdll.dll+0x4d0d1]


---------------  P R O C E S S  ---------------

Threads class SMR info:
_java_thread_list=0x0000025380df8490, length=0, elements={
}

Java Threads: ( => current thread )

Other Threads:
  0x0000025382fd7000 GCTaskThread "GC Thread#0" [stack: 0x000000dab1b00000,0x000000dab1c00000] [id=16572]
  0x0000025383009800 ConcurrentGCThread "G1 Main Marker" [stack: 0x000000dab1c00000,0x000000dab1d00000] [id=19084]
  0x000002538300b000 ConcurrentGCThread "G1 Conc#0" [stack: 0x000000dab1d00000,0x000000dab1e00000] [id=8100]

[error occurred during error reporting (printing all threads), id 0xc0000005, EXCEPTION_ACCESS_VIOLATION (0xc0000005) at pc=0x00007ff93f69af37]

VM state:not at safepoint (not fully initialized)

VM Mutex/Monitor currently owned by a thread:  ([mutex/lock_event])
[0x0000025382fbce40] Heap_lock - owner thread: 0x0000025382fc1800

Heap address: 0x0000000081200000, size: 2030 MB, Compressed Oops mode: Non-zero based: 0x0000000081200000
Narrow klass base: 0x0000000000000000, Narrow klass shift: 0

GC Heap History (0 events):
No events

Deoptimization events (0 events):
No events

Classes redefined (0 events):
No events

Internal exceptions (0 events):
No events

Events (1 events):
Event: 0.021 Loaded shared library C:\Program Files\OpenJDK\openjdk-11.0.13_8\bin\zip.dll


Dynamic libraries:
0x00007ff784220000 - 0x00007ff78422d000 	C:\Program Files\OpenJDK\openjdk-11.0.13_8\bin\java.exe
0x00007ff9a5e90000 - 0x00007ff9a6086000 	C:\Windows\SYSTEM32\ntdll.dll
0x00007ff9a3f30000 - 0x00007ff9a3fed000 	C:\Windows\System32\KERNEL32.DLL
0x00007ff9a3780000 - 0x00007ff9a3a49000 	C:\Windows\System32\KERNELBASE.dll
0x00007ff9a3680000 - 0x00007ff9a3780000 	C:\Windows\System32\ucrtbase.dll
0x00007ff99da90000 - 0x00007ff99daa8000 	C:\Program Files\OpenJDK\openjdk-11.0.13_8\bin\jli.dll
0x00007ff9a5b40000 - 0x00007ff9a5ce0000 	C:\Windows\System32\USER32.dll
0x00007ff9a3d70000 - 0x00007ff9a3d92000 	C:\Windows\System32\win32u.dll
0x00007ff9a5b10000 - 0x00007ff9a5b3a000 	C:\Windows\System32\GDI32.dll
0x00007ff9a3b00000 - 0x00007ff9a3c09000 	C:\Windows\System32\gdi32full.dll
0x00007ff9a3da0000 - 0x00007ff9a3e3d000 	C:\Windows\System32\msvcp_win.dll
0x00007ff99da70000 - 0x00007ff99da86000 	C:\Program Files\OpenJDK\openjdk-11.0.13_8\bin\VCRUNTIME140.dll
0x00007ff98ee60000 - 0x00007ff98f0fb000 	C:\Windows\WinSxS\amd64_microsoft.windows.common-controls_6595b64144ccf1df_6.0.19041.488_none_ca04af081b815d21\COMCTL32.dll
0x00007ff9a5a70000 - 0x00007ff9a5b0e000 	C:\Windows\System32\msvcrt.dll
0x00007ff9a3f00000 - 0x00007ff9a3f30000 	C:\Windows\System32\IMM32.DLL
0x00007ff96f3f0000 - 0x00007ff96f49a000 	C:\Program Files\OpenJDK\openjdk-11.0.13_8\bin\msvcp140.dll
0x00007ff93f390000 - 0x00007ff93fedc000 	C:\Program Files\OpenJDK\openjdk-11.0.13_8\bin\server\jvm.dll
0x00007ff9a5430000 - 0x00007ff9a54dc000 	C:\Windows\System32\ADVAPI32.dll
0x00007ff9a4d90000 - 0x00007ff9a4e2c000 	C:\Windows\System32\sechost.dll
0x00007ff9a41a0000 - 0x00007ff9a42cb000 	C:\Windows\System32\RPCRT4.dll
0x00007ff9a3ef0000 - 0x00007ff9a3ef8000 	C:\Windows\System32\PSAPI.DLL
0x00007ff9877f0000 - 0x00007ff9877f9000 	C:\Windows\SYSTEM32\WSOCK32.dll
0x00007ff9a5670000 - 0x00007ff9a56db000 	C:\Windows\System32\WS2_32.dll
0x00007ff9985d0000 - 0x00007ff9985f7000 	C:\Windows\SYSTEM32\WINMM.dll
0x00007ff999e00000 - 0x00007ff999e0a000 	C:\Windows\SYSTEM32\VERSION.dll
0x00007ff9a1e60000 - 0x00007ff9a1e72000 	C:\Windows\SYSTEM32\kernel.appcore.dll
0x00007ff989ea0000 - 0x00007ff989eb1000 	C:\Program Files\OpenJDK\openjdk-11.0.13_8\bin\verify.dll
0x00007ff9a1b80000 - 0x00007ff9a1d64000 	C:\Windows\SYSTEM32\DBGHELP.DLL
0x00007ff98c120000 - 0x00007ff98c14c000 	C:\Windows\SYSTEM32\dbgcore.DLL
0x00007ff9a3e40000 - 0x00007ff9a3ec0000 	C:\Windows\System32\bcryptPrimitives.dll
0x00007ff987f30000 - 0x00007ff987f59000 	C:\Program Files\OpenJDK\openjdk-11.0.13_8\bin\java.dll
0x00007ff98db20000 - 0x00007ff98db2a000 	C:\Program Files\OpenJDK\openjdk-11.0.13_8\bin\jimage.dll
0x00007ff985ba0000 - 0x00007ff985bb7000 	C:\Program Files\OpenJDK\openjdk-11.0.13_8\bin\zip.dll

dbghelp: loaded successfully - version: 4.0.5 - missing functions: none
symbol engine: initialized successfully - sym options: 0x614 - pdb path: .;C:\Program Files\OpenJDK\openjdk-11.0.13_8\bin;C:\Windows\SYSTEM32;C:\Windows\WinSxS\amd64_microsoft.windows.common-controls_6595b64144ccf1df_6.0.19041.488_none_ca04af081b815d21;C:\Program Files\OpenJDK\openjdk-11.0.13_8\bin\server

VM Arguments:
java_command: org.jetbrains.kotlin.cli.jvm.K2JVMCompiler @C:\My_projects\frontend\react-native\testtask\node_modules\react-native-safe-area-context\android\build\20220317_3565154055422077356.compiler.options
java_class_path (initial): C:\Users\eeone\.gradle\caches\modules-2\files-2.1\org.jetbrains.kotlin\kotlin-compiler-embeddable\1.6.10\88f2073f4020cdb83132cfe940ceb9a60aba54ea\kotlin-compiler-embeddable-1.6.10.jar;C:\Users\eeone\.gradle\caches\modules-2\files-2.1\org.jetbrains.kotlin\kotlin-reflect\1.6.10\1cbe9c92c12a94eea200d23c2bbaedaf3daf5132\kotlin-reflect-1.6.10.jar;C:\Users\eeone\.gradle\caches\modules-2\files-2.1\org.jetbrains.kotlin\kotlin-stdlib\1.6.10\b8af3fe6f1ca88526914929add63cf5e7c5049af\kotlin-stdlib-1.6.10.jar;C:\Users\eeone\.gradle\caches\modules-2\files-2.1\org.jetbrains.kotlin\kotlin-script-runtime\1.6.10\d0a7ff2e2500ef497ed0214ae40ad3c8387a6164\kotlin-script-runtime-1.6.10.jar;C:\Users\eeone\.gradle\caches\modules-2\files-2.1\org.jetbrains.kotlin\kotlin-daemon-embeddable\1.6.10\a56d79bcbea411fa6058e4ecffc2de73e742bd2a\kotlin-daemon-embeddable-1.6.10.jar;C:\Users\eeone\.gradle\caches\modules-2\files-2.1\org.jetbrains.intellij.deps\trove4j\1.0.20181211\216c2e14b070f334479d800987affe4054cd563f\trove4j-1.0.20181211.jar;C:\Users\eeone\.gradle\caches\modules-2\files-2.1\net.java.dev.jna\jna\5.6.0\330f2244e9030119ab3030fc3fededc86713d9cc\jna-5.6.0.jar;C:\Users\eeone\.gradle\caches\modules-2\files-2.1\org.jetbrains\annotations\13.0\919f0dfe192fb4e063e7dacadee7f8bb9a2672a9\annotations-13.0.jar;C:\Users\eeone\.gradle\caches\modules-2\files-2.1\org.jetbrains.kotlin\kotlin-stdlib-common\1.6.10\c118700e3a33c8a0d9adc920e9dec0831171925\kotlin-stdlib-common-1.6.10.jar
Launcher Type: SUN_STANDARD

[Global flags]
     intx CICompilerCount                          = 4                                         {product} {ergonomic}
     uint ConcGCThreads                            = 2                                         {product} {ergonomic}
     uint G1ConcRefinementThreads                  = 8                                         {product} {ergonomic}
   size_t G1HeapRegionSize                         = 1048576                                   {product} {ergonomic}
    uintx GCDrainStackTargetSize                   = 64                                        {product} {ergonomic}
   size_t InitialHeapSize                          = 134217728                                 {product} {ergonomic}
   size_t MarkStackSize                            = 4194304                                   {product} {ergonomic}
   size_t MaxHeapSize                              = 2128609280                                {product} {ergonomic}
   size_t MinHeapDeltaBytes                        = 1048576                                   {product} {ergonomic}
    uintx NonNMethodCodeHeapSize                   = 5836300                                {pd product} {ergonomic}
    uintx NonProfiledCodeHeapSize                  = 122910970                              {pd product} {ergonomic}
    uintx ProfiledCodeHeapSize                     = 122910970                              {pd product} {ergonomic}
    uintx ReservedCodeCacheSize                    = 251658240                              {pd product} {ergonomic}
     bool SegmentedCodeCache                       = true                                      {product} {ergonomic}
     bool UseCompressedClassPointers               = true                                 {lp64_product} {ergonomic}
     bool UseCompressedOops                        = true                                 {lp64_product} {ergonomic}
     bool UseG1GC                                  = true                                      {product} {ergonomic}
     bool UseLargePagesIndividualAllocation        = false                                  {pd product} {ergonomic}

Logging:
Log output configuration:
 #0: stdout all=warning uptime,level,tags
 #1: stderr all=off uptime,level,tags

Environment Variables:
JAVA_HOME=C:\Program Files\OpenJDK\openjdk-11.0.13_8
CLASSPATH=C:\My_projects\frontend\react-native\testtask\android\\gradle\wrapper\gradle-wrapper.jar
PATH=C:\My_projects\frontend\react-native\testtask\android\node_modules\.bin;C:\My_projects\frontend\react-native\testtask\node_modules\.bin;C:\My_projects\frontend\react-native\node_modules\.bin;C:\My_projects\frontend\node_modules\.bin;C:\My_projects\node_modules\.bin;C:\node_modules\.bin;C:\Program Files\nodejs;C:\My_projects\frontend\react-native\testtask\node_modules\.bin;C:\My_projects\frontend\react-native\node_modules\.bin;C:\My_projects\frontend\node_modules\.bin;C:\My_projects\node_modules\.bin;C:\node_modules\.bin;C:\Program Files\nodejs\node_modules\npm\node_modules\@npmcli\run-script\lib\node-gyp-bin;C:\Program Files (x86)\Common Files\Oracle\Java\javapath;C:\Program Files (x86)\Embarcadero\Studio\22.0\bin;C:\Users\Public\Documents\Embarcadero\Studio\22.0\Bpl;C:\Program Files (x86)\Embarcadero\Studio\22.0\bin64;C:\Users\Public\Documents\Embarcadero\Studio\22.0\Bpl\Win64;C:\Program Files (x86)\Borland\Delphi7\Bin;C:\Program Files (x86)\Borland\Delphi7\Projects\Bpl;C:\Program Files (x86)\Embarcadero\Studio\21.0\bin;C:\Users\Public\Documents\Embarcadero\Studio\21.0\Bpl;C:\Program Files (x86)\Embarcadero\Studio\21.0\bin64;C:\Users\Public\Documents\Embarcadero\Studio\21.0\Bpl\Win64;C:\Program Files (x86)\Common Files\Intel\Shared Libraries\redist\intel64\compiler;C:\ProgramData\Oracle\Java\javapath;C:\Windows\system32;C:\Windows;C:\Windows\System32\Wbem;C:\Windows\System32\WindowsPowerShell\v1.0\;C:\Windows\System32\OpenSSH\;C:\Program Files\NVIDIA Corporation\NVIDIA NvDLISR;C:\Program Files (x86)\NVIDIA Corporation\PhysX\Common;C:\Program Files\Git\cmd;C:\Program Files\Graphviz\bin;C:\Program Files\Cloudflare\Cloudflare WARP\;C:\ProgramData\chocolatey\bin;C:\Program Files\nodejs\;C:\Program Files\OpenJDK\openjdk-11.0.13_8\bin;C:\Users\eeone\AppData\Local\Programs\Python\Python39\Scripts\;C:\Users\eeone\AppData\Local\Programs\Python\Python39\;C:\Users\eeone\AppData\Local\Microsoft\WindowsApps;C:\Program Files\JetBrains\PyCharm 2020.2\bin;C:\Program Files\JetBra
USERNAME=eeone
OS=Windows_NT
PROCESSOR_IDENTIFIER=Intel64 Family 6 Model 158 Stepping 13, GenuineIntel



---------------  S Y S T E M  ---------------

OS: Windows 10 , 64 bit Build 19041 (10.0.19041.662)
OS uptime: 2 days 10:13 hours
Hyper-V role detected

CPU:total 8 (initial active 8) (4 cores per cpu, 2 threads per core) family 6 model 158 stepping 13 microcode 0xea, cmov, cx8, fxsr, mmx, sse, sse2, sse3, ssse3, sse4.1, sse4.2, popcnt, avx, avx2, aes, clmul, erms, 3dnowpref, lzcnt, ht, tsc, tscinvbit, bmi1, bmi2, adx, fma

Memory: 4k page, system-wide physical 8115M (122M free)
TotalPageFile size 18114M (AvailPageFile size 68M)
current process WorkingSet (physical memory assigned to process): 10M, peak: 10M
current process commit charge ("private bytes"): 60M, peak: 188M

vm_info: OpenJDK 64-Bit Server VM (11.0.13+8) for windows-amd64 JRE (11.0.13+8), built on Oct  8 2021 16:28:06 by "" with MS VC++ 15.5 (VS2017)

END.
